[2026-04-08 12:02:17,083] INFO - 🔁 Loading data...
[2026-04-08 12:02:18,531] INFO - ✅ Data loaded successfully.
[2026-04-08 12:02:25,557] INFO - 🎬 Recommending movies for: '(500) Days of Summer'
[2026-04-08 12:02:25,672] INFO - ✅ Top 5 recommendations ready.
[2026-04-08 12:02:51,283] INFO - 🎬 Recommending movies for: 'The Adventures of Sharkboy and Lavagirl'
[2026-04-08 12:02:51,321] INFO - ✅ Top 5 recommendations ready.
[2026-04-08 12:03:06,449] INFO - 🎬 Recommending movies for: '10 Days in a Madhouse'
[2026-04-08 12:03:06,488] INFO - ✅ Top 5 recommendations ready.
[2026-04-08 12:10:19,391] INFO - 🎬 Recommending movies for: '(500) Days of Summer'
[2026-04-08 12:10:19,433] INFO - ✅ Top 5 recommendations ready.
[2026-04-08 12:20:23,474] INFO - 🔁 Loading data...
[2026-04-08 12:20:25,432] INFO - ✅ Data loaded successfully.
[2026-04-08 12:21:00,151] INFO - 🎬 Recommending movies for: '10 Cloverfield Lane'
[2026-04-08 12:21:00,209] INFO - ✅ Top 5 recommendations ready.
[2026-04-08 12:22:07,078] INFO - 🎬 Recommending movies for: 'The 41–Year–Old Virgin Who Knocked Up Sarah Marshall and Felt Superbad About It'
[2026-04-08 12:22:07,115] INFO - ✅ Top 5 recommendations ready.
[2026-04-08 12:22:22,013] INFO - 🎬 Recommending movies for: '10 Things I Hate About You'
[2026-04-08 12:22:22,049] INFO - ✅ Top 5 recommendations ready.
[2026-04-08 12:24:11,246] INFO - 🎬 Recommending movies for: '10th & Wolf'
[2026-04-08 12:24:11,286] INFO - ✅ Top 5 recommendations ready.
[2026-04-08 12:57:06,839] INFO - 🎬 Recommending movies for: '10 Cloverfield Lane'
[2026-04-08 12:57:06,882] INFO - ✅ Top 5 recommendations ready.
[2026-04-08 12:57:16,720] INFO - 🎬 Recommending movies for: '10 Days in a Madhouse'
[2026-04-08 12:57:16,768] INFO - ✅ Top 5 recommendations ready.
